Using pre-set license
Built from '2020.3/staging' branch; Version is '2020.3.11f1 (99c7afb366b3) revision 10078127'; Using compiler version '192528614'; Build Type 'Release'
OS: 'Windows 10 Home; OS build 18363.1556; Version 1909; 64bit' Language: 'fr' Physical Memory: 16263 MB
BatchMode: 1, IsHumanControllingUs: 0, StartBugReporterOnCrash: 0, Is64bit: 1, IsPro: 0

 COMMAND LINE ARGUMENTS:
C:\Program Files\Unity\Hub\Editor\2020.3.11f1\Editor\Unity.exe
-adb2
-batchMode
-noUpm
-name
AssetImportWorker0
-projectPath
D:/Perso/Documents/Télécom Sudparis/3A/Algo génétique/NNSelfDrivingCar
-logFile
Logs/AssetImportWorker0.log
-srvPort
55511
Successfully changed project path to: D:/Perso/Documents/Télécom Sudparis/3A/Algo génétique/NNSelfDrivingCar
D:/Perso/Documents/Télécom Sudparis/3A/Algo génétique/NNSelfDrivingCar
Using Asset Import Pipeline V2.
Refreshing native plugins compatible for Editor in 107.28 ms, found 2 plugins.
Preloading 0 native plugins for Editor in 0.00 ms.
Initialize engine version: 2020.3.11f1 (99c7afb366b3)
[Subsystems] Discovering subsystems at path C:/Program Files/Unity/Hub/Editor/2020.3.11f1/Editor/Data/Resources/UnitySubsystems
[Subsystems] Discovering subsystems at path D:/Perso/Documents/Télécom Sudparis/3A/Algo génétique/NNSelfDrivingCar/Assets
GfxDevice: creating device client; threaded=0
Direct3D:
    Version:  Direct3D 11.0 [level 11.1]
    Renderer: NVIDIA GeForce GTX 1070 (ID=0x1be1)
    Vendor:   
    VRAM:     8081 MB
    Driver:   27.21.14.6647
Initialize mono
Mono path[0] = 'C:/Program Files/Unity/Hub/Editor/2020.3.11f1/Editor/Data/Managed'
Mono path[1] = 'C:/Program Files/Unity/Hub/Editor/2020.3.11f1/Editor/Data/MonoBleedingEdge/lib/mono/unityjit'
Mono config path = 'C:/Program Files/Unity/Hub/Editor/2020.3.11f1/Editor/Data/MonoBleedingEdge/etc'
Using monoOptions --debugger-agent=transport=dt_socket,embedding=1,server=y,suspend=n,address=127.0.0.1:56664
Begin MonoManager ReloadAssembly
Registering precompiled unity dll's ...
Register platform support module: C:/Program Files/Unity/Hub/Editor/2020.3.11f1/Editor/Data/PlaybackEngines/WindowsStandaloneSupport/UnityEditor.WindowsStandalone.Extensions.dll
Registered in 0.003757 seconds.
Native extension for WindowsStandalone target not found
Refreshing native plugins compatible for Editor in 146.71 ms, found 2 plugins.
Preloading 0 native plugins for Editor in 0.00 ms.
Mono: successfully reloaded assembly
- Completed reload, in  3.819 seconds
Platform modules already initialized, skipping
Registering precompiled user dll's ...
Registered in 0.008804 seconds.
Begin MonoManager ReloadAssembly
Native extension for WindowsStandalone target not found
Refreshing native plugins compatible for Editor in 0.98 ms, found 2 plugins.
Preloading 0 native plugins for Editor in 0.00 ms.
Mono: successfully reloaded assembly
- Completed reload, in  3.661 seconds
Platform modules already initialized, skipping
========================================================================
Worker process is ready to serve import requests
Launched and connected shader compiler UnityShaderCompiler.exe after 0.14 seconds
Refreshing native plugins compatible for Editor in 0.93 ms, found 2 plugins.
Preloading 0 native plugins for Editor in 0.00 ms.
Unloading 1390 Unused Serialized files (Serialized files now loaded: 0)
System memory in use before: 65.6 MB.
System memory in use after: 65.7 MB.

Unloading 19 unused Assets to reduce memory usage. Loaded Objects now: 1824.
Total: 5.967300 ms (FindLiveObjects: 0.428600 ms CreateObjectMapping: 0.146100 ms MarkObjects: 5.201800 ms  DeleteObjects: 0.187200 ms)

========================================================================
Received Import Request.
  path: Assets/Walls.mat
  artifactKey: Guid(9077ece200d7470428398f1a8388d398) Importer(815301076,1909f56bfc062723c751e8b465ee728b)
Start importing Assets/Walls.mat using Guid(9077ece200d7470428398f1a8388d398) Importer(815301076,1909f56bfc062723c751e8b465ee728b)  -> (artifact id: 'cfc6864e08fdf6b46a573cb4f0f61590') in 1.677863 seconds
  Import took 1.685048 seconds .

========================================================================
Received Import Request.
  Time since last request: 0.000617 seconds.
  path: Assets/Ground.mat
  artifactKey: Guid(ddf8764fc1255a045aec02629eefd4a1) Importer(815301076,1909f56bfc062723c751e8b465ee728b)
Start importing Assets/Ground.mat using Guid(ddf8764fc1255a045aec02629eefd4a1) Importer(815301076,1909f56bfc062723c751e8b465ee728b)  -> (artifact id: 'ff59eafb83a36891669cb4a5c4541a82') in 0.024258 seconds
  Import took 0.030140 seconds .

========================================================================
Received Import Request.
  Time since last request: 0.000485 seconds.
  path: Assets/Car.prefab
  artifactKey: Guid(90bd2ec27ffc3ed4baea765b730b664e) Importer(815301076,1909f56bfc062723c751e8b465ee728b)
Start importing Assets/Car.prefab using Guid(90bd2ec27ffc3ed4baea765b730b664e) Importer(815301076,1909f56bfc062723c751e8b465ee728b)  -> (artifact id: 'c8b1ebe7bbfdae649e00a63895d4c8a3') in 0.082388 seconds
  Import took 0.089475 seconds .

========================================================================
Received Import Request.
  Time since last request: 25.611711 seconds.
  path: Assets/Plugins
  artifactKey: Guid(b6252e103c0cf664bb02fdcac753445f) Importer(815301076,1909f56bfc062723c751e8b465ee728b)
Start importing Assets/Plugins using Guid(b6252e103c0cf664bb02fdcac753445f) Importer(815301076,1909f56bfc062723c751e8b465ee728b)  -> (artifact id: '999417608a87778bf1d656d89de1c23d') in 0.004104 seconds
  Import took 0.011410 seconds .

========================================================================
Received Import Request.
  Time since last request: 0.025905 seconds.
  path: Assets/Plugins
  artifactKey: Guid(b6252e103c0cf664bb02fdcac753445f) Importer(815301076,1909f56bfc062723c751e8b465ee728b)
Start importing Assets/Plugins using Guid(b6252e103c0cf664bb02fdcac753445f) Importer(815301076,1909f56bfc062723c751e8b465ee728b)  -> (artifact id: '999417608a87778bf1d656d89de1c23d') in 0.004057 seconds
  Import took 0.011569 seconds .

AssetImportWorkerClient::OnTransportError - code=2 error=End of file
